MC_Project/app/build 2/outputs/logs/manifest-merger-debug-report.txt
-- Merging decision tree log ---
manifest
ADDED from src/main/AndroidManifest.xml:2:1-27:12
INJECTED from src/main/AndroidManifest.xml:2:1-27:12
INJECTED from src/main/AndroidManifest.xml:2:1-27:12
INJECTED from src/main/AndroidManifest.xml:2:1-27:12
MERGED from [org.jitsi.react:jitsi-meet-sdk:9.2.2] AndroidManifest.xml:2:1-73:12
MERGED from [com.facebook.react:react-native-amplitude:2.7.0-jitsi-16757212] AndroidManifest.xml:2:1-7:12
MERGED from [com.facebook.react:react-native-giphy:2.3.0-jitsi-16757212] AndroidManifest.xml:2:1-7:12
MERGED from [com.facebook.react:react-native-google-signin:10.1.0-jitsi-16757212] AndroidManifest.xml:2:1-7:12
MERGED from [com.facebook.react:react-native-async-storage:1.19.4-jitsi-16757212] AndroidManifest.xml:2:1-7:12
MERGED from [com.facebook.react:react-native-background-timer:2.4.1-jitsi-16757212] AndroidManifest.xml:2:1-9:12
MERGED from [com.facebook.react:react-native-calendar-events:2.2.0-jitsi-16757212] AndroidManifest.xml:2:1-10:12
MERGED from [com.facebook.react:react-native-community_clipboard:1.5.1-jitsi-16757212] AndroidManifest.xml:2:1-7:12
MERGED from [com.facebook.react:react-native-community_netinfo:11.1.0-jitsi-16757212] AndroidManifest.xml:2:1-10:12
MERGED from [com.facebook.react:react-native-default-preference:1.4.4-jitsi-16757212] AndroidManifest.xml:2:1-7:12
MERGED from [com.facebook.react:react-native-device-info:10.9.0-jitsi-16757212] AndroidManifest.xml:2:1-7:12
MERGED from [com.facebook.react:react-native-gesture-handler:2.9.0-jitsi-16757212] AndroidManifest.xml:2:1-7:12
MERGED from [com.facebook.react:react-native-get-random-values:1.9.0-jitsi-16757212] AndroidManifest.xml:2:1-7:12
MERGED from [com.facebook.react:react-native-immersive-mode:2.0.1-jitsi-16757212] AndroidManifest.xml:2:1-7:12
MERGED from [com.facebook.react:react-native-keep-awake:4.0.0-jitsi-16757212] AndroidManifest.xml:2:1-7:12
MERGED from [com.facebook.react:react-native-orientation-locker:1.6.0-jitsi-16757212] AndroidManifest.xml:2:1-7:12
MERGED from [com.facebook.react:react-native-pager-view:6.2.0-jitsi-16757212] AndroidManifest.xml:2:1-7:12
MERGED from [com.facebook.react:react-native-performance:5.0.0-jitsi-16757212] AndroidManifest.xml:2:1-15:12
MERGED from [com.facebook.react:react-native-safe-area-context:4.7.1-jitsi-16757212] AndroidManifest.xml:2:1-7:12
MERGED from [com.facebook.react:react-native-screens:3.24.0-jitsi-16757212] AndroidManifest.xml:2:1-7:12
MERGED from [com.facebook.react:react-native-slider:4.4.3-jitsi-16757212] AndroidManifest.xml:2:1-7:12
MERGED from [com.facebook.react:react-native-sound:0.11.2-jitsi-16757212] AndroidManifest.xml:2:1-8:12
MERGED from [com.facebook.react:react-native-splash-screen:3.3.0-jitsi-16757212] AndroidManifest.xml:2:1-7:12
MERGED from [com.facebook.react:react-native-svg:13.13.0-jitsi-16757212] AndroidManifest.xml:2:1-7:12
MERGED from [com.facebook.react:react-native-video:6.0.0-alpha.11-jitsi-16757212] AndroidManifest.xml:2:1-7:12
MERGED from [com.facebook.react:react-native-webrtc:118.0.7-jitsi-16757212] AndroidManifest.xml:2:1-20:12
MERGED from [com.facebook.react:react-native-webview:13.5.1-jitsi-16757212] AndroidManifest.xml:2:1-19:12
MERGED from [com.facebook.react:react-android:0.72.9] AndroidManifest.xml:2:1-7:12
MERGED from [androidx.compose.material3:material3:1.1.1] AndroidManifest.xml:17:1-22:12
MERGED from [com.giphy.sdk:ui:2.3.4] AndroidManifest.xml:2:1-23:12
MERGED from [com.google.android.material:material:1.6.1] AndroidManifest.xml:17:1-26:12
MERGED from [androidx.constraintlayout:constraintlayout:2.1.4] AndroidManifest.xml:2:1-11:12
MERGED from [com.airbnb.android:lottie:3.4.1] AndroidManifest.xml:2:1-11:12
MERGED from [androidx.appcompat:appcompat:1.4.2] AndroidManifest.xml:17:1-24:12
MERGED from [com.google.android.gms:play-services-auth:20.5.0] AndroidManifest.xml:17:1-40:12
MERGED from [androidx.viewpager2:viewpager2:1.0.0] AndroidManifest.xml:17:1-24:12
MERGED from [com.google.android.gms:play-services-iid:17.0.0] AndroidManifest.xml:17:1-28:12
MERGED from [com.google.android.gms:play-services-auth-api-phone:18.0.1] AndroidManifest.xml:2:1-7:12
MERGED from [com.google.android.gms:play-services-auth-base:18.0.4] AndroidManifest.xml:2:1-7:12
MERGED from [com.google.android.gms:play-services-fido:20.0.1] AndroidManifest.xml:2:1-10:12
MERGED from [com.google.android.gms:play-services-base:18.0.1] AndroidManifest.xml:16:1-24:12
MERGED from [com.google.android.gms:play-services-tasks:18.0.1] AndroidManifest.xml:2:1-6:12
MERGED from [com.google.android.gms:play-services-stats:17.0.0] AndroidManifest.xml:2:1-9:12
MERGED from [com.google.android.gms:play-services-basement:18.2.0] AndroidManifest.xml:16:1-26:12
MERGED from [androidx.fragment:fragment:1.4.1] AndroidManifest.xml:17:1-24:12
MERGED from [androidx.compose.material:material-ripple-android:1.5.0] AndroidManifest.xml:2:1-7:12
MERGED from [androidx.compose.material:material-icons-core-android:1.5.0] AndroidManifest.xml:2:1-7:12
MERGED from [androidx.compose.material:material-android:1.5.0] AndroidManifest.xml:2:1-7:12
MERGED from [androidx.compose.animation:animation-core-android:1.5.0] AndroidManifest.xml:2:1-7:12
MERGED from [androidx.compose.animation:animation-android:1.5.0] AndroidManifest.xml:2:1-7:12
MERGED from [androidx.compose.foundation:foundation-layout-android:1.5.0] AndroidManifest.xml:2:1-7:12
MERGED from [androidx.compose.foundation:foundation-android:1.5.0] AndroidManifest.xml:2:1-7:12
MERGED from [androidx.compose.ui:ui-tooling-data-android:1.5.0] AndroidManifest.xml:2:1-7:12
MERGED from [androidx.compose.ui:ui-unit-android:1.5.0] AndroidManifest.xml:2:1-7:12
MERGED from [androidx.compose.ui:ui-geometry-android:1.5.0] AndroidManifest.xml:2:1-7:12
MERGED from [androidx.compose.ui:ui-util-android:1.5.0] AndroidManifest.xml:2:1-7:12
MERGED from [androidx.compose.ui:ui-text-android:1.5.0] AndroidManifest.xml:2:1-7:12
MERGED from [androidx.compose.ui:ui-tooling-preview-android:1.5.0] AndroidManifest.xml:17:1-22:12
MERGED from [androidx.compose.ui:ui-graphics-android:1.5.0] AndroidManifest.xml:2:1-7:12
MERGED from [androidx.compose.ui:ui-android:1.5.0] AndroidManifest.xml:2:1-7:12
MERGED from [androidx.compose.ui:ui-test-manifest:1.5.0] AndroidManifest.xml:17:1-28:12
MERGED from [androidx.compose.ui:ui-tooling-android:1.5.0] AndroidManifest.xml:17:1-28:12
MERGED from [androidx.activity:activity:1.9.0] AndroidManifest.xml:17:1-22:12
MERGED from [androidx.activity:activity-compose:1.9.0] AndroidManifest.xml:2:1-7:12
MERGED from [androidx.activity:activity-ktx:1.9.0] AndroidManifest.xml:2:1-7:12
MERGED from [androidx.dynamicanimation:dynamicanimation:1.0.0] AndroidManifest.xml:17:1-22:12
MERGED from [androidx.legacy:legacy-support-core-utils:1.0.0] AndroidManifest.xml:17:1-22:12
MERGED from [androidx.loader:loader:1.0.0] AndroidManifest.xml:17:1-22:12
MERGED from [androidx.emoji2:emoji2-views-helper:1.4.0] AndroidManifest.xml:2:1-7:12
MERGED from [androidx.emoji2:emoji2:1.4.0] AndroidManifest.xml:17:1-35:12
MERGED from [androidx.lifecycle:lifecycle-process:2.7.0] AndroidManifest.xml:17:1-35:12
MERGED from [androidx.lifecycle:lifecycle-livedata-core-ktx:2.7.0] AndroidManifest.xml:2:1-7:12
MERGED from [androidx.lifecycle:lifecycle-livedata:2.7.0] AndroidManifest.xml:17:1-22:12
MERGED from [androidx.lifecycle:lifecycle-viewmodel-ktx:2.7.0] AndroidManifest.xml:2:1-7:12
MERGED from [androidx.savedstate:savedstate-ktx:1.2.1] AndroidManifest.xml:17:1-22:12
MERGED from [androidx.savedstate:savedstate:1.2.1] AndroidManifest.xml:17:1-22:12
MERGED from [androidx.lifecycle:lifecycle-livedata-core:2.7.0] AndroidManifest.xml:17:1-22:12
MERGED from [androidx.lifecycle:lifecycle-viewmodel:2.7.0] AndroidManifest.xml:17:1-22:12
MERGED from [androidx.lifecycle:lifecycle-viewmodel-savedstate:2.7.0] AndroidManifest.xml:17:1-22:12
MERGED from [androidx.customview:customview-poolingcontainer:1.0.0] AndroidManifest.xml:17:1-23:12
MERGED from [androidx.core:core-ktx:1.13.0] AndroidManifest.xml:2:1-7:12
MERGED from [androidx.swiperefreshlayout:swiperefreshlayout:1.1.0] AndroidManifest.xml:17:1-24:12
MERGED from [androidx.autofill:autofill:1.1.0] AndroidManifest.xml:17:1-24:12
MERGED from [androidx.appcompat:appcompat-resources:1.4.2] AndroidManifest.xml:17:1-24:12
MERGED from [androidx.viewpager:viewpager:1.0.0] AndroidManifest.xml:17:1-22:12
MERGED from [com.google.android.exoplayer:exoplayer:2.18.1] AndroidManifest.xml:17:1-24:12
MERGED from [com.google.android.exoplayer:exoplayer-ui:2.18.1] AndroidManifest.xml:17:1-24:12
MERGED from [androidx.media:media:1.6.0] AndroidManifest.xml:17:1-24:12
MERGED from [androidx.webkit:webkit:1.4.0] AndroidManifest.xml:17:1-24:12
MERGED from [androidx.vectordrawable:vectordrawable-animated:1.1.0] AndroidManifest.xml:17:1-24:12
MERGED from [androidx.vectordrawable:vectordrawable:1.1.0] AndroidManifest.xml:17:1-24:12
MERGED from [androidx.coordinatorlayout:coordinatorlayout:1.2.0] AndroidManifest.xml:17:1-24:12
MERGED from [androidx.recyclerview:recyclerview:1.2.1] AndroidManifest.xml:17:1-24:12
MERGED from [com.google.android.exoplayer:exoplayer-dash:2.18.1] AndroidManifest.xml:17:1-24:12
MERGED from [com.google.android.exoplayer:exoplayer-hls:2.18.1] AndroidManifest.xml:17:1-24:12
MERGED from [com.google.android.exoplayer:exoplayer-rtsp:2.18.1] AndroidManifest.xml:17:1-24:12
MERGED from [com.google.android.exoplayer:exoplayer-smoothstreaming:2.18.1] AndroidManifest.xml:17:1-24:12
MERGED from [com.google.android.exoplayer:exoplayer-core:2.18.1] AndroidManifest.xml:17:1-26:12
MERGED from [androidx.drawerlayout:drawerlayout:1.1.1] AndroidManifest.xml:17:1-24:12
MERGED from [androidx.transition:transition:1.2.0] AndroidManifest.xml:17:1-24:12
MERGED from [androidx.customview:customview:1.1.0] AndroidManifest.xml:17:1-24:12
MERGED from [androidx.core:core:1.13.0] AndroidManifest.xml:17:1-30:12
MERGED from [androidx.lifecycle:lifecycle-runtime:2.7.0] AndroidManifest.xml:2:1-7:12
MERGED from [androidx.lifecycle:lifecycle-runtime-ktx:2.7.0] AndroidManifest.xml:17:1-22:12
MERGED from [androidx.compose.runtime:runtime-saveable-android:1.5.0] AndroidManifest.xml:2:1-7:12
MERGED from [androidx.compose.runtime:runtime-android:1.5.0] AndroidManifest.xml:2:1-7:12
MERGED from [com.google.android.exoplayer:extension-okhttp:2.18.1] AndroidManifest.xml:17:1-24:12
MERGED from [com.facebook.fresco:imagepipeline-okhttp3:2.6.0] AndroidManifest.xml:2:1-9:12
MERGED from [androidx.annotation:annotation-experimental:1.4.0] AndroidManifest.xml:2:1-7:12
MERGED from [androidx.localbroadcastmanager:localbroadcastmanager:1.0.0] AndroidManifest.xml:17:1-22:12
MERGED from [androidx.profileinstaller:profileinstaller:1.3.1] AndroidManifest.xml:17:1-55:12
MERGED from [androidx.startup:startup-runtime:1.1.1] AndroidManifest.xml:17:1-33:12
MERGED from [androidx.tracing:tracing:1.1.0] AndroidManifest.xml:17:1-24:12
MERGED from [androidx.cursoradapter:cursoradapter:1.0.0] AndroidManifest.xml:17:1-22:12
MERGED from [androidx.versionedparcelable:versionedparcelable:1.1.1] AndroidManifest.xml:17:1-27:12
MERGED from [androidx.interpolator:interpolator:1.0.0] AndroidManifest.xml:17:1-22:12
MERGED from [androidx.arch.core:core-runtime:2.2.0] AndroidManifest.xml:17:1-22:12
MERGED from [androidx.databinding:viewbinding:7.2.2] AndroidManifest.xml:17:1-24:12
MERGED from [com.google.android.exoplayer:exoplayer-datasource:2.18.1] AndroidManifest.xml:17:1-24:12
MERGED from [com.google.android.exoplayer:exoplayer-database:2.18.1] AndroidManifest.xml:17:1-24:12
MERGED from [com.google.android.exoplayer:exoplayer-extractor:2.18.1] AndroidManifest.xml:17:1-24:12
MERGED from [com.google.android.exoplayer:exoplayer-decoder:2.18.1] AndroidManifest.xml:17:1-24:12
MERGED from [com.google.android.exoplayer:exoplayer-common:2.18.1] AndroidManifest.xml:17:1-26:12
MERGED from [androidx.cardview:cardview:1.0.0] AndroidManifest.xml:17:1-22:12
MERGED from [androidx.documentfile:documentfile:1.0.0] AndroidManifest.xml:17:1-22:12
MERGED from [androidx.print:print:1.0.0] AndroidManifest.xml:17:1-22:12
MERGED from [org.webkit:android-jsc:r250231] AndroidManifest.xml:2:1-11:12
MERGED from [com.facebook.fresco:animated-gif:2.6.0] AndroidManifest.xml:2:1-9:12
MERGED from [com.jakewharton.timber:timber:4.7.1] AndroidManifest.xml:2:1-9:12
MERGED from [com.squareup.duktape:duktape-android:1.3.0] AndroidManifest.xml:2:1-14:12
MERGED from [com.facebook.fbjni:fbjni:0.3.0] AndroidManifest.xml:2:1-9:12
MERGED from [com.facebook.fresco:fresco:2.6.0] AndroidManifest.xml:2:1-9:12
MERGED from [com.facebook.fresco:animated-webp:2.6.0] AndroidManifest.xml:2:1-9:12
MERGED from [com.facebook.fresco:animated-base:2.6.0] AndroidManifest.xml:2:1-9:12
MERGED from [com.facebook.fresco:animated-drawable:2.6.0] AndroidManifest.xml:2:1-9:12
MERGED from [com.facebook.fresco:drawee:2.6.0] AndroidManifest.xml:2:1-9:12
MERGED from [com.facebook.fresco:middleware:2.6.0] AndroidManifest.xml:2:1-9:12
MERGED from [com.facebook.fresco:ui-common:2.6.0] AndroidManifest.xml:2:1-9:12
MERGED from [com.facebook.fresco:nativeimagefilters:2.6.0] AndroidManifest.xml:2:1-9:12
MERGED from [com.facebook.fresco:memory-type-native:2.6.0] AndroidManifest.xml:2:1-9:12
MERGED from [com.facebook.fresco:memory-type-java:2.6.0] AndroidManifest.xml:2:1-9:12
MERGED from [com.facebook.fresco:imagepipeline-native:2.6.0] AndroidManifest.xml:2:1-9:12
MERGED from [com.facebook.fresco:memory-type-ashmem:2.6.0] AndroidManifest.xml:2:1-9:12
MERGED from [com.facebook.fresco:imagepipeline:2.6.0] AndroidManifest.xml:2:1-9:12
MERGED from [com.facebook.fresco:webpsupport:2.6.0] AndroidManifest.xml:2:1-9:12
MERGED from [com.facebook.fresco:nativeimagetranscoder:2.6.0] AndroidManifest.xml:2:1-9:12
MERGED from [com.facebook.fresco:imagepipeline-base:2.6.0] AndroidManifest.xml:2:1-9:12
MERGED from [com.facebook.fresco:soloader:2.6.0] AndroidManifest.xml:2:1-9:12
MERGED from [com.facebook.soloader:soloader:0.10.5] AndroidManifest.xml:2:1-17:12
MERGED from [com.facebook.fresco:fbcore:2.6.0] AndroidManifest.xml:2:1-9:12
MERGED from [com.amplitude:android-sdk:2.34.0] AndroidManifest.xml:2:1-11:12
MERGED from [com.android.installreferrer:installreferrer:1.1.2] AndroidManifest.xml:2:1-13:12
MERGED from [org.jitsi:webrtc:118.0.0] AndroidManifest.xml:2:1-11:12
	package
		INJECTED from src/main/AndroidManifest.xml
	android:versionName
		INJECTED from src/main/AndroidManifest.xml
	xmlns:tools
		ADDED from src/main/AndroidManifest.xml:3:5-51
	android:versionCode
		INJECTED from src/main/AndroidManifest.xml
	xmlns:android
		ADDED from src/main/AndroidManifest.xml:2:11-69
application
ADDED from src/main/AndroidManifest.xml:4:5-25:19
INJECTED from src/main/AndroidManifest.xml:4:5-25:19
MERGED from [org.jitsi.react:jitsi-meet-sdk:9.2.2] AndroidManifest.xml:32:5-71:19
MERGED from [org.jitsi.react:jitsi-meet-sdk:9.2.2] AndroidManifest.xml:32:5-71:19
MERGED from [com.facebook.react:react-native-performance:5.0.0-jitsi-16757212] AndroidManifest.xml:7:5-13:19
MERGED from [com.facebook.react:react-native-performance:5.0.0-jitsi-16757212] AndroidManifest.xml:7:5-13:19
MERGED from [com.facebook.react:react-native-webrtc:118.0.7-jitsi-16757212] AndroidManifest.xml:13:5-18:19
MERGED from [com.facebook.react:react-native-webrtc:118.0.7-jitsi-16757212] AndroidManifest.xml:13:5-18:19
MERGED from [com.facebook.react:react-native-webview:13.5.1-jitsi-16757212] AndroidManifest.xml:7:5-17:19
MERGED from [com.facebook.react:react-native-webview:13.5.1-jitsi-16757212] AndroidManifest.xml:7:5-17:19
MERGED from [com.giphy.sdk:ui:2.3.4] AndroidManifest.xml:11:5-21:19
MERGED from [com.giphy.sdk:ui:2.3.4] AndroidManifest.xml:11:5-21:19
MERGED from [com.google.android.material:material:1.6.1] AndroidManifest.xml:24:5-20
MERGED from [com.google.android.material:material:1.6.1] AndroidManifest.xml:24:5-20
MERGED from [androidx.constraintlayout:constraintlayout:2.1.4] AndroidManifest.xml:9:5-20
MERGED from [androidx.constraintlayout:constraintlayout:2.1.4] AndroidManifest.xml:9:5-20
MERGED from [com.airbnb.android:lottie:3.4.1] AndroidManifest.xml:9:5-20
MERGED from [com.airbnb.android:lottie:3.4.1] AndroidManifest.xml:9:5-20
MERGED from [com.google.android.gms:play-services-auth:20.5.0] AndroidManifest.xml:22:5-38:19
MERGED from [com.google.android.gms:play-services-auth:20.5.0] AndroidManifest.xml:22:5-38:19
MERGED from [com.google.android.gms:play-services-iid:17.0.0] AndroidManifest.xml:26:5-20
MERGED from [com.google.android.gms:play-services-iid:17.0.0] AndroidManifest.xml:26:5-20
MERGED from [com.google.android.gms:play-services-fido:20.0.1] AndroidManifest.xml:7:5-8:19
MERGED from [com.google.android.gms:play-services-fido:20.0.1] AndroidManifest.xml:7:5-8:19
MERGED from [com.google.android.gms:play-services-base:18.0.1] AndroidManifest.xml:19:5-23:19
MERGED from [com.google.android.gms:play-services-base:18.0.1] AndroidManifest.xml:19:5-23:19
MERGED from [com.google.android.gms:play-services-tasks:18.0.1] AndroidManifest.xml:5:5-20
MERGED from [com.google.android.gms:play-services-tasks:18.0.1] AndroidManifest.xml:5:5-20
MERGED from [com.google.android.gms:play-services-stats:17.0.0] AndroidManifest.xml:7:5-20
MERGED from [com.google.android.gms:play-services-stats:17.0.0] AndroidManifest.xml:7:5-20
MERGED from [com.google.android.gms:play-services-basement:18.2.0] AndroidManifest.xml:20:5-24:19
MERGED from [com.google.android.gms:play-services-basement:18.2.0] AndroidManifest.xml:20:5-24:19
MERGED from [androidx.compose.ui:ui-test-manifest:1.5.0] AndroidManifest.xml:22:5-26:19
MERGED from [androidx.compose.ui:ui-test-manifest:1.5.0] AndroidManifest.xml:22:5-26:19
MERGED from [androidx.compose.ui:ui-tooling-android:1.5.0] AndroidManifest.xml:22:5-26:19
MERGED from [androidx.compose.ui:ui-tooling-android:1.5.0] AndroidManifest.xml:22:5-26:19
MERGED from [androidx.emoji2:emoji2:1.4.0] AndroidManifest.xml:23:5-33:19
MERGED from [androidx.emoji2:emoji2:1.4.0] AndroidManifest.xml:23:5-33:19
MERGED from [androidx.lifecycle:lifecycle-process:2.7.0] AndroidManifest.xml:23:5-33:19
MERGED from [androidx.lifecycle:lifecycle-process:2.7.0] AndroidManifest.xml:23:5-33:19
MERGED from [androidx.core:core:1.13.0] AndroidManifest.xml:28:5-89
MERGED from [androidx.core:core:1.13.0] AndroidManifest.xml:28:5-89
MERGED from [androidx.profileinstaller:profileinstaller:1.3.1] AndroidManifest.xml:23:5-53:19
MERGED from [androidx.profileinstaller:profileinstaller:1.3.1] AndroidManifest.xml:23:5-53:19
MERGED from [androidx.startup:startup-runtime:1.1.1] AndroidManifest.xml:25:5-31:19
MERGED from [androidx.startup:startup-runtime:1.1.1] AndroidManifest.xml:25:5-31:19
MERGED from [androidx.versionedparcelable:versionedparcelable:1.1.1] AndroidManifest.xml:24:5-25:19
MERGED from [androidx.versionedparcelable:versionedparcelable:1.1.1] AndroidManifest.xml:24:5-25:19
MERGED from [com.jakewharton.timber:timber:4.7.1] AndroidManifest.xml:7:5-20
MERGED from [com.jakewharton.timber:timber:4.7.1] AndroidManifest.xml:7:5-20
MERGED from [com.squareup.duktape:duktape-android:1.3.0] AndroidManifest.xml:12:5-20
MERGED from [com.squareup.duktape:duktape-android:1.3.0] AndroidManifest.xml:12:5-20
MERGED from [com.facebook.soloader:soloader:0.10.5] AndroidManifest.xml:11:5-15:19
MERGED from [com.facebook.soloader:soloader:0.10.5] AndroidManifest.xml:11:5-15:19
MERGED from [com.android.installreferrer:installreferrer:1.1.2] AndroidManifest.xml:11:5-20
MERGED from [com.android.installreferrer:installreferrer:1.1.2] AndroidManifest.xml:11:5-20
	android:extractNativeLibs
		INJECTED from src/main/AndroidManifest.xml
	android:appComponentFactory
		ADDED from [androidx.core:core:1.13.0] AndroidManifest.xml:28:18-86
	android:supportsRtl
		ADDED from src/main/AndroidManifest.xml:11:9-35
	android:label
		ADDED from src/main/AndroidManifest.xml:9:9-41
	android:fullBackupContent
		ADDED from src/main/AndroidManifest.xml:7:9-54
	android:roundIcon
		ADDED from src/main/AndroidManifest.xml:10:9-54
	tools:targetApi
		ADDED from src/main/AndroidManifest.xml:13:9-29
	android:icon
		ADDED from src/main/AndroidManifest.xml:8:9-43
	android:allowBackup
		ADDED from src/main/AndroidManifest.xml:5:9-35
	android:theme
		ADDED from src/main/AndroidManifest.xml:12:9-48
	android:dataExtractionRules
		ADDED from src/main/AndroidManifest.xml:6:9-65
activity#com.example.mc_project.MainActivity
ADDED from src/main/AndroidManifest.xml:14:9-24:20
	android:label
		ADDED from src/main/AndroidManifest.xml:17:13-45
	android:exported
		ADDED from src/main/AndroidManifest.xml:16:13-36
	android:theme
		ADDED from src/main/AndroidManifest.xml:18:13-52
	android:name
		ADDED from src/main/AndroidManifest.xml:15:13-41
intent-filter#action:name:android.intent.action.MAIN+category:name:android.intent.category.LAUNCHER
ADDED from src/main/AndroidManifest.xml:19:13-23:29
action#android.intent.action.MAIN
ADDED from src/main/AndroidManifest.xml:20:17-69
	android:name
		ADDED from src/main/AndroidManifest.xml:20:25-66
category#android.intent.category.LAUNCHER
ADDED from src/main/AndroidManifest.xml:22:17-77
	android:name
		ADDED from src/main/AndroidManifest.xml:22:27-74
uses-sdk
INJECTED from src/main/AndroidManifest.xml reason: use-sdk injection requested
INJECTED from src/main/AndroidManifest.xml
INJECTED from src/main/AndroidManifest.xml
MERGED from [org.jitsi.react:jitsi-meet-sdk:9.2.2] AndroidManifest.xml:6:5-44
MERGED from [org.jitsi.react:jitsi-meet-sdk:9.2.2] AndroidManifest.xml:6:5-44
MERGED from [com.facebook.react:react-native-amplitude:2.7.0-jitsi-16757212] AndroidManifest.xml:5:5-44
MERGED from [com.facebook.react:react-native-amplitude:2.7.0-jitsi-16757212] AndroidManifest.xml:5:5-44
MERGED from [com.facebook.react:react-native-giphy:2.3.0-jitsi-16757212] AndroidManifest.xml:5:5-44
MERGED from [com.facebook.react:react-native-giphy:2.3.0-jitsi-16757212] AndroidManifest.xml:5:5-44
MERGED from [com.facebook.react:react-native-google-signin:10.1.0-jitsi-16757212] AndroidManifest.xml:5:5-44
MERGED from [com.facebook.react:react-native-google-signin:10.1.0-jitsi-16757212] AndroidManifest.xml:5:5-44
MERGED from [com.facebook.react:react-native-async-storage:1.19.4-jitsi-16757212] AndroidManifest.xml:5:5-44
MERGED from [com.facebook.react:react-native-async-storage:1.19.4-jitsi-16757212] AndroidManifest.xml:5:5-44
MERGED from [com.facebook.react:react-native-background-timer:2.4.1-jitsi-16757212] AndroidManifest.xml:5:5-44
MERGED from [com.facebook.react:react-native-background-timer:2.4.1-jitsi-16757212] AndroidManifest.xml:5:5-44
MERGED from [com.facebook.react:react-native-calendar-events:2.2.0-jitsi-16757212] AndroidManifest.xml:5:5-44
MERGED from [com.facebook.react:react-native-calendar-events:2.2.0-jitsi-16757212] AndroidManifest.xml:5:5-44
MERGED from [com.facebook.react:react-native-community_clipboard:1.5.1-jitsi-16757212] AndroidManifest.xml:5:5-44
MERGED from [com.facebook.react:react-native-community_clipboard:1.5.1-jitsi-16757212] AndroidManifest.xml:5:5-44
MERGED from [com.facebook.react:react-native-community_netinfo:11.1.0-jitsi-16757212] AndroidManifest.xml:5:5-44
MERGED from [com.facebook.react:react-native-community_netinfo:11.1.0-jitsi-16757212] AndroidManifest.xml:5:5-44
MERGED from [com.facebook.react:react-native-default-preference:1.4.4-jitsi-16757212] AndroidManifest.xml:5:5-44
MERGED from [com.facebook.react:react-native-default-preference:1.4.4-jitsi-16757212] AndroidManifest.xml:5:5-44
MERGED from [com.facebook.react:react-native-device-info:10.9.0-jitsi-16757212] AndroidManifest.xml:5:5-44
MERGED from [com.facebook.react:react-native-device-info:10.9.0-jitsi-16757212] AndroidManifest.xml:5:5-44
MERGED from [com.facebook.react:react-native-gesture-handler:2.9.0-jitsi-16757212] AndroidManifest.xml:5:5-44
MERGED from [com.facebook.react:react-native-gesture-handler:2.9.0-jitsi-16757212] AndroidManifest.xml:5:5-44
MERGED from [com.facebook.react:react-native-get-random-values:1.9.0-jitsi-16757212] AndroidManifest.xml:5:5-44
MERGED from [com.facebook.react:react-native-get-random-values:1.9.0-jitsi-16757212] AndroidManifest.xml:5:5-44
MERGED from [com.facebook.react:react-native-immersive-mode:2.0.1-jitsi-16757212] AndroidManifest.xml:5:5-44
MERGED from [com.facebook.react:react-native-immersive-mode:2.0.1-jitsi-16757212] AndroidManifest.xml:5:5-44
MERGED from [com.facebook.react:react-native-keep-awake:4.0.0-jitsi-16757212] AndroidManifest.xml:5:5-44
MERGED from [com.facebook.react:react-native-keep-awake:4.0.0-jitsi-16757212] AndroidManifest.xml:5:5-44
MERGED from [com.facebook.react:react-native-orientation-locker:1.6.0-jitsi-16757212] AndroidManifest.xml:5:5-44
MERGED from [com.facebook.react:react-native-orientation-locker:1.6.0-jitsi-16757212] AndroidManifest.xml:5:5-44
MERGED from [com.facebook.react:react-native-pager-view:6.2.0-jitsi-16757212] AndroidManifest.xml:5:5-44
MERGED from [com.facebook.react:react-native-pager-view:6.2.0-jitsi-16757212] AndroidManifest.xml:5:5-44
MERGED from [com.facebook.react:react-native-performance:5.0.0-jitsi-16757212] AndroidManifest.xml:5:5-44
MERGED from [com.facebook.react:react-native-performance:5.0.0-jitsi-16757212] AndroidManifest.xml:5:5-44
MERGED from [com.facebook.react:react-native-safe-area-context:4.7.1-jitsi-16757212] AndroidManifest.xml:5:5-44
MERGED from [com.facebook.react:react-native-safe-area-context:4.7.1-jitsi-16757212] AndroidManifest.xml:5:5-44
MERGED from [com.facebook.react:react-native-screens:3.24.0-jitsi-16757212] AndroidManifest.xml:5:5-44
MERGED from [com.facebook.react:react-native-screens:3.24.0-jitsi-16757212] AndroidManifest.xml:5:5-44
MERGED from [com.facebook.react:react-native-slider:4.4.3-jitsi-16757212] AndroidManifest.xml:5:5-44
MERGED from [com.facebook.react:react-native-slider:4.4.3-jitsi-16757212] AndroidManifest.xml:5:5-44
MERGED from [com.facebook.react:react-native-sound:0.11.2-jitsi-16757212] AndroidManifest.xml:6:5-44
MERGED from [com.facebook.react:react-native-sound:0.11.2-jitsi-16757212] AndroidManifest.xml:6:5-44
MERGED from [com.facebook.react:react-native-splash-screen:3.3.0-jitsi-16757212] AndroidManifest.xml:5:5-44
MERGED from [com.facebook.react:react-native-splash-screen:3.3.0-jitsi-16757212] AndroidManifest.xml:5:5-44
MERGED from [com.facebook.react:react-native-svg:13.13.0-jitsi-16757212] AndroidManifest.xml:5:5-44
MERGED from [com.facebook.react:react-native-svg:13.13.0-jitsi-16757212] AndroidManifest.xml:5:5-44
MERGED from [com.facebook.react:react-native-video:6.0.0-alpha.11-jitsi-16757212] AndroidManifest.xml:5:5-44
MERGED from [com.facebook.react:react-native-video:6.0.0-alpha.11-jitsi-16757212] AndroidManifest.xml:5:5-44
MERGED from [com.facebook.react:react-native-webrtc:118.0.7-jitsi-16757212] AndroidManifest.xml:6:5-44
MERGED from [com.facebook.react:react-native-webrtc:118.0.7-jitsi-16757212] AndroidManifest.xml:6:5-44
MERGED from [com.facebook.react:react-native-webview:13.5.1-jitsi-16757212] AndroidManifest.xml:5:5-44
MERGED from [com.facebook.react:react-native-webview:13.5.1-jitsi-16757212] AndroidManifest.xml:5:5-44
MERGED from [com.facebook.react:react-android:0.72.9] AndroidManifest.xml:5:5-44
MERGED from [com.facebook.react:react-android:0.72.9] AndroidManifest.xml:5:5-44
MERGED from [androidx.compose.material3:material3:1.1.1] AndroidManifest.xml:20:5-44
MERGED from [androidx.compose.material3:material3:1.1.1] AndroidManifest.xml:20:5-44
MERGED from [com.giphy.sdk:ui:2.3.4] AndroidManifest.xml:5:5-7:41
MERGED from [com.giphy.sdk:ui:2.3.4] AndroidManifest.xml:5:5-7:41
MERGED from [com.google.android.material:material:1.6.1] AndroidManifest.xml:20:5-22:41
MERGED from [com.google.android.material:material:1.6.1] AndroidManifest.xml:20:5-22:41
MERGED from [androidx.constraintlayout:constraintlayout:2.1.4] AndroidManifest.xml:5:5-7:41
MERGED from [androidx.constraintlayout:constraintlayout:2.1.4] AndroidManifest.xml:5:5-7:41
MERGED from [com.airbnb.android:lottie:3.4.1] AndroidManifest.xml:5:5-7:41
MERGED from [com.airbnb.android:lottie:3.4.1] AndroidManifest.xml:5:5-7:41
MERGED from [androidx.appcompat:appcompat:1.4.2] AndroidManifest.xml:20:5-22:41
MERGED from [androidx.appcompat:appcompat:1.4.2] AndroidManifest.xml:20:5-22:41
MERGED from [com.google.android.gms:play-services-auth:20.5.0] AndroidManifest.xml:20:5-44
MERGED from [com.google.android.gms:play-services-auth:20.5.0] AndroidManifest.xml:20:5-44
MERGED from [androidx.viewpager2:viewpager2:1.0.0] AndroidManifest.xml:20:5-22:41
MERGED from [androidx.viewpager2:viewpager2:1.0.0] AndroidManifest.xml:20:5-22:41
MERGED from [com.google.android.gms:play-services-iid:17.0.0] AndroidManifest.xml:20:5-44
MERGED from [com.google.android.gms:play-services-iid:17.0.0] AndroidManifest.xml:20:5-44
MERGED from [com.google.android.gms:play-services-auth-api-phone:18.0.1] AndroidManifest.xml:5:5-44
MERGED from [com.google.android.gms:play-services-auth-api-phone:18.0.1] AndroidManifest.xml:5:5-44
MERGED from [com.google.android.gms:play-services-auth-base:18.0.4] AndroidManifest.xml:5:5-44
MERGED from [com.google.android.gms:play-services-auth-base:18.0.4] AndroidManifest.xml:5:5-44
MERGED from [com.google.android.gms:play-services-fido:20.0.1] AndroidManifest.xml:5:5-44
MERGED from [com.google.android.gms:play-services-fido:20.0.1] AndroidManifest.xml:5:5-44
MERGED from [com.google.android.gms:play-services-base:18.0.1] AndroidManifest.xml:18:5-43
MERGED from [com.google.android.gms:play-services-base:18.0.1] AndroidManifest.xml:18:5-43
MERGED from [com.google.android.gms:play-services-tasks:18.0.1] AndroidManifest.xml:4:5-43
MERGED from [com.google.android.gms:play-services-tasks:18.0.1] AndroidManifest.xml:4:5-43
MERGED from [com.google.android.gms:play-services-stats:17.0.0] AndroidManifest.xml:5:5-44
MERGED from [com.google.android.gms:play-services-stats:17.0.0] AndroidManifest.xml:5:5-44
MERGED from [com.google.android.gms:play-services-basement:18.2.0] AndroidManifest.xml:18:5-43
MERGED from [com.google.android.gms:play-services-basement:18.2.0] AndroidManifest.xml:18:5-43